# JRE version: OpenJDK Runtime Environment Temurin-21.0.10+7 (21.0.10+7) (build 21.0.10+7-LTS)
# Java VM: OpenJDK 64-Bit Server VM Temurin-21.0.10+7 (21.0.10+7-LTS, mixed mode, sharing, tiered, compressed oops, compressed class ptrs, parallel gc, windows-amd64)
GC Precious Log:
 CardTable entry size: 512
 CPUs: 16 total, 16 available
 Memory: 32719M
 Large Page Support: Disabled
 NUMA Support: Disabled
 Compressed Oops: Enabled (32-bit)
 Alignments: Space 512K, Generation 512K, Heap 2M
 Heap Min Capacity: 100M
 Heap Initial Capacity: 100M
 Heap Max Capacity: 2G
 Pre-touch: Disabled
 Parallel Workers: 13
Heap:
 PSYoungGen      total 3584K, used 468K [0x00000000d5580000, 0x00000000d5c00000, 0x0000000100000000)
  eden space 3072K, 1% used [0x00000000d5580000,0x00000000d558d3d0,0x00000000d5880000)
  from space 512K, 81% used [0x00000000d5b80000,0x00000000d5be8000,0x00000000d5c00000)
  to   space 1024K, 0% used [0x00000000d5a00000,0x00000000d5a00000,0x00000000d5b00000)
 ParOldGen       total 239104K, used 234692K [0x0000000080000000, 0x000000008e980000, 0x00000000d5580000)
  object space 239104K, 98% used [0x0000000080000000,0x000000008e531358,0x000000008e980000)
 Metaspace       used 81255K, committed 83008K, reserved 1179648K
  class space    used 8121K, committed 8896K, reserved 1048576K
GC Heap History (20 events):
Event: 126.080 GC heap before
{Heap before GC invocations=702 (full 4):
 PSYoungGen      total 1536K, used 1472K [0x00000000d5580000, 0x00000000d6000000, 0x0000000100000000)
  eden space 1024K, 100% used [0x00000000d5580000,0x00000000d5680000,0x00000000d5680000)
  from space 512K, 87% used [0x00000000d5f00000,0x00000000d5f70000,0x00000000d5f80000)
  to   space 512K, 0% used [0x00000000d5f80000,0x00000000d5f80000,0x00000000d6000000)
 ParOldGen       total 227328K, used 187760K [0x0000000080000000, 0x000000008de00000, 0x00000000d5580000)
  object space 227328K, 82% used [0x0000000080000000,0x000000008b75c3f8,0x000000008de00000)
 Metaspace       used 81100K, committed 82880K, reserved 1179648K
  class space    used 8100K, committed 8896K, reserved 1048576K
}
Event: 126.081 GC heap after
{Heap after GC invocations=702 (full 4):
 PSYoungGen      total 1536K, used 496K [0x00000000d5580000, 0x00000000d6000000, 0x0000000100000000)
  eden space 1024K, 0% used [0x00000000d5580000,0x00000000d5580000,0x00000000d5680000)
  from space 512K, 96% used [0x00000000d5f80000,0x00000000d5ffc010,0x00000000d6000000)
  to   space 1024K, 0% used [0x00000000d5e00000,0x00000000d5e00000,0x00000000d5f00000)
 ParOldGen       total 227328K, used 188017K [0x0000000080000000, 0x000000008de00000, 0x00000000d5580000)
  object space 227328K, 82% used [0x0000000080000000,0x000000008b79c418,0x000000008de00000)
 Metaspace       used 81100K, committed 82880K, reserved 1179648K
  class space    used 8100K, committed 8896K, reserved 1048576K
}
Event: 126.134 GC heap before
{Heap before GC invocations=703 (full 4):
 PSYoungGen      total 1536K, used 1435K [0x00000000d5580000, 0x00000000d6000000, 0x0000000100000000)
  eden space 1024K, 91% used [0x00000000d5580000,0x00000000d566ad08,0x00000000d5680000)
  from space 512K, 96% used [0x00000000d5f80000,0x00000000d5ffc010,0x00000000d6000000)
  to   space 1024K, 0% used [0x00000000d5e00000,0x00000000d5e00000,0x00000000d5f00000)
 ParOldGen       total 227328K, used 188899K [0x0000000080000000, 0x000000008de00000, 0x00000000d5580000)
  object space 227328K, 83% used [0x0000000080000000,0x000000008b878ce8,0x000000008de00000)
 Metaspace       used 81109K, committed 82880K, reserved 1179648K
  class space    used 8100K, committed 8896K, reserved 1048576K
}
Event: 126.135 GC heap after
{Heap after GC invocations=703 (full 4):
 PSYoungGen      total 2048K, used 812K [0x00000000d5580000, 0x00000000d6000000, 0x0000000100000000)
  eden space 1024K, 0% used [0x00000000d5580000,0x00000000d5580000,0x00000000d5680000)
  from space 1024K, 79% used [0x00000000d5e00000,0x00000000d5ecb0b0,0x00000000d5f00000)
  to   space 1024K, 0% used [0x00000000d5f00000,0x00000000d5f00000,0x00000000d6000000)
 ParOldGen       total 227328K, used 189355K [0x0000000080000000, 0x000000008de00000, 0x00000000d5580000)
  object space 227328K, 83% used [0x0000000080000000,0x000000008b8ead08,0x000000008de00000)
 Metaspace       used 81109K, committed 82880K, reserved 1179648K
  class space    used 8100K, committed 8896K, reserved 1048576K
}
Event: 126.136 GC heap before
{Heap before GC invocations=704 (full 4):
 PSYoungGen      total 2048K, used 1836K [0x00000000d5580000, 0x00000000d6000000, 0x0000000100000000)
  eden space 1024K, 100% used [0x00000000d5580000,0x00000000d5680000,0x00000000d5680000)
  from space 1024K, 79% used [0x00000000d5e00000,0x00000000d5ecb0b0,0x00000000d5f00000)
  to   space 1024K, 0% used [0x00000000d5f00000,0x00000000d5f00000,0x00000000d6000000)
 ParOldGen       total 227328K, used 189355K [0x0000000080000000, 0x000000008de00000, 0x00000000d5580000)
  object space 227328K, 83% used [0x0000000080000000,0x000000008b8ead08,0x000000008de00000)
 Metaspace       used 81110K, committed 82880K, reserved 1179648K
  class space    used 8100K, committed 8896K, reserved 1048576K
}
Event: 126.137 GC heap after
{Heap after GC invocations=704 (full 4):
 PSYoungGen      total 2560K, used 994K [0x00000000d5580000, 0x00000000d6000000, 0x0000000100000000)
  eden space 1536K, 0% used [0x00000000d5580000,0x00000000d5580000,0x00000000d5700000)
  from space 1024K, 97% used [0x00000000d5f00000,0x00000000d5ff8940,0x00000000d6000000)
  to   space 2048K, 0% used [0x00000000d5c00000,0x00000000d5c00000,0x00000000d5e00000)
 ParOldGen       total 227328K, used 190091K [0x0000000080000000, 0x000000008de00000, 0x00000000d5580000)
  object space 227328K, 83% used [0x0000000080000000,0x000000008b9a2e80,0x000000008de00000)
 Metaspace       used 81110K, committed 82880K, reserved 1179648K
  class space    used 8100K, committed 8896K, reserved 1048576K
}
Event: 126.151 GC heap before
{Heap before GC invocations=705 (full 4):
 PSYoungGen      total 2560K, used 2530K [0x00000000d5580000, 0x00000000d6000000, 0x0000000100000000)
  eden space 1536K, 100% used [0x00000000d5580000,0x00000000d5700000,0x00000000d5700000)
  from space 1024K, 97% used [0x00000000d5f00000,0x00000000d5ff8940,0x00000000d6000000)
  to   space 2048K, 0% used [0x00000000d5c00000,0x00000000d5c00000,0x00000000d5e00000)
 ParOldGen       total 227328K, used 190091K [0x0000000080000000, 0x000000008de00000, 0x00000000d5580000)
  object space 227328K, 83% used [0x0000000080000000,0x000000008b9a2e80,0x000000008de00000)
 Metaspace       used 81112K, committed 82880K, reserved 1179648K
  class space    used 8100K, committed 8896K, reserved 1048576K
}
Event: 126.153 GC heap after
{Heap after GC invocations=705 (full 4):
 PSYoungGen      total 4096K, used 1778K [0x00000000d5580000, 0x00000000d5f80000, 0x0000000100000000)
  eden space 2048K, 0% used [0x00000000d5580000,0x00000000d5580000,0x00000000d5780000)
  from space 2048K, 86% used [0x00000000d5c00000,0x00000000d5dbc920,0x00000000d5e00000)
  to   space 1536K, 0% used [0x00000000d5e00000,0x00000000d5e00000,0x00000000d5f80000)
 ParOldGen       total 227328K, used 191077K [0x0000000080000000, 0x000000008de00000, 0x00000000d5580000)
  object space 227328K, 84% used [0x0000000080000000,0x000000008ba997c0,0x000000008de00000)
 Metaspace       used 81112K, committed 82880K, reserved 1179648K
  class space    used 8100K, committed 8896K, reserved 1048576K
}
Event: 126.160 GC heap before
{Heap before GC invocations=706 (full 4):
 PSYoungGen      total 4096K, used 3826K [0x00000000d5580000, 0x00000000d5f80000, 0x0000000100000000)
  eden space 2048K, 100% used [0x00000000d5580000,0x00000000d5780000,0x00000000d5780000)
  from space 2048K, 86% used [0x00000000d5c00000,0x00000000d5dbc920,0x00000000d5e00000)
  to   space 1536K, 0% used [0x00000000d5e00000,0x00000000d5e00000,0x00000000d5f80000)
 ParOldGen       total 227328K, used 191077K [0x0000000080000000, 0x000000008de00000, 0x00000000d5580000)
  object space 227328K, 84% used [0x0000000080000000,0x000000008ba997c0,0x000000008de00000)
 Metaspace       used 81112K, committed 82880K, reserved 1179648K
  class space    used 8100K, committed 8896K, reserved 1048576K
}
Event: 126.161 GC heap after
{Heap after GC invocations=706 (full 4):
 PSYoungGen      total 4096K, used 1536K [0x00000000d5580000, 0x00000000d6000000, 0x0000000100000000)
  eden space 2560K, 0% used [0x00000000d5580000,0x00000000d5580000,0x00000000d5800000)
  from space 1536K, 100% used [0x00000000d5e00000,0x00000000d5f80000,0x00000000d5f80000)
  to   space 4096K, 0% used [0x00000000d5800000,0x00000000d5800000,0x00000000d5c00000)
 ParOldGen       total 227328K, used 193098K [0x0000000080000000, 0x000000008de00000, 0x00000000d5580000)
  object space 227328K, 84% used [0x0000000080000000,0x000000008bc92910,0x000000008de00000)
 Metaspace       used 81112K, committed 82880K, reserved 1179648K
  class space    used 8100K, committed 8896K, reserved 1048576K
}
Event: 126.170 GC heap before
{Heap before GC invocations=707 (full 4):
 PSYoungGen      total 4096K, used 4096K [0x00000000d5580000, 0x00000000d6000000, 0x0000000100000000)
  eden space 2560K, 100% used [0x00000000d5580000,0x00000000d5800000,0x00000000d5800000)
  from space 1536K, 100% used [0x00000000d5e00000,0x00000000d5f80000,0x00000000d5f80000)
  to   space 4096K, 0% used [0x00000000d5800000,0x00000000d5800000,0x00000000d5c00000)
 ParOldGen       total 227328K, used 193098K [0x0000000080000000, 0x000000008de00000, 0x00000000d5580000)
  object space 227328K, 84% used [0x0000000080000000,0x000000008bc92910,0x000000008de00000)
 Metaspace       used 81112K, committed 82880K, reserved 1179648K
  class space    used 8100K, committed 8896K, reserved 1048576K
}
Event: 126.172 GC heap after
{Heap after GC invocations=707 (full 4):
 PSYoungGen      total 5632K, used 2729K [0x00000000d5580000, 0x00000000d5e80000, 0x0000000100000000)
  eden space 2560K, 0% used [0x00000000d5580000,0x00000000d5580000,0x00000000d5800000)
  from space 3072K, 88% used [0x00000000d5800000,0x00000000d5aaa730,0x00000000d5b00000)
  to   space 3072K, 0% used [0x00000000d5b80000,0x00000000d5b80000,0x00000000d5e80000)
 ParOldGen       total 227328K, used 194682K [0x0000000080000000, 0x000000008de00000, 0x00000000d5580000)
  object space 227328K, 85% used [0x0000000080000000,0x000000008be1e910,0x000000008de00000)
 Metaspace       used 81112K, committed 82880K, reserved 1179648K
  class space    used 8100K, committed 8896K, reserved 1048576K
}
Event: 126.180 GC heap before
{Heap before GC invocations=708 (full 4):
 PSYoungGen      total 5632K, used 5192K [0x00000000d5580000, 0x00000000d5e80000, 0x0000000100000000)
  eden space 2560K, 96% used [0x00000000d5580000,0x00000000d57e7bd0,0x00000000d5800000)
  from space 3072K, 88% used [0x00000000d5800000,0x00000000d5aaa730,0x00000000d5b00000)
  to   space 3072K, 0% used [0x00000000d5b80000,0x00000000d5b80000,0x00000000d5e80000)
 ParOldGen       total 227328K, used 194682K [0x0000000080000000, 0x000000008de00000, 0x00000000d5580000)
  object space 227328K, 85% used [0x0000000080000000,0x000000008be1e910,0x000000008de00000)
 Metaspace       used 81112K, committed 82880K, reserved 1179648K
  class space    used 8100K, committed 8896K, reserved 1048576K
}
Event: 126.182 GC heap after
{Heap after GC invocations=708 (full 4):
 PSYoungGen      total 6144K, used 2555K [0x00000000d5580000, 0x00000000d5e80000, 0x0000000100000000)
  eden space 3072K, 0% used [0x00000000d5580000,0x00000000d5580000,0x00000000d5880000)
  from space 3072K, 83% used [0x00000000d5b80000,0x00000000d5dfec08,0x00000000d5e80000)
  to   space 3072K, 0% used [0x00000000d5880000,0x00000000d5880000,0x00000000d5b80000)
 ParOldGen       total 227328K, used 197265K [0x0000000080000000, 0x000000008de00000, 0x00000000d5580000)
  object space 227328K, 86% used [0x0000000080000000,0x000000008c0a47d0,0x000000008de00000)
 Metaspace       used 81112K, committed 82880K, reserved 1179648K
  class space    used 8100K, committed 8896K, reserved 1048576K
}
Event: 126.190 GC heap before
{Heap before GC invocations=709 (full 4):
 PSYoungGen      total 6144K, used 5270K [0x00000000d5580000, 0x00000000d5e80000, 0x0000000100000000)
  eden space 3072K, 88% used [0x00000000d5580000,0x00000000d5826ea8,0x00000000d5880000)
  from space 3072K, 83% used [0x00000000d5b80000,0x00000000d5dfec08,0x00000000d5e80000)
  to   space 3072K, 0% used [0x00000000d5880000,0x00000000d5880000,0x00000000d5b80000)
 ParOldGen       total 227328K, used 197265K [0x0000000080000000, 0x000000008de00000, 0x00000000d5580000)
  object space 227328K, 86% used [0x0000000080000000,0x000000008c0a47d0,0x000000008de00000)
 Metaspace       used 81112K, committed 82880K, reserved 1179648K
  class space    used 8100K, committed 8896K, reserved 1048576K
}
Event: 126.192 GC heap after
{Heap after GC invocations=709 (full 4):
 PSYoungGen      total 6144K, used 2528K [0x00000000d5580000, 0x00000000d5e80000, 0x0000000100000000)
  eden space 3072K, 0% used [0x00000000d5580000,0x00000000d5580000,0x00000000d5880000)
  from space 3072K, 82% used [0x00000000d5880000,0x00000000d5af8358,0x00000000d5b80000)
  to   space 2560K, 0% used [0x00000000d5c00000,0x00000000d5c00000,0x00000000d5e80000)
 ParOldGen       total 227328K, used 199620K [0x0000000080000000, 0x000000008de00000, 0x00000000d5580000)
  object space 227328K, 87% used [0x0000000080000000,0x000000008c2f1140,0x000000008de00000)
 Metaspace       used 81112K, committed 82880K, reserved 1179648K
  class space    used 8100K, committed 8896K, reserved 1048576K
}
Event: 126.237 GC heap before
{Heap before GC invocations=710 (full 4):
 PSYoungGen      total 6144K, used 5600K [0x00000000d5580000, 0x00000000d5e80000, 0x0000000100000000)
  eden space 3072K, 100% used [0x00000000d5580000,0x00000000d5880000,0x00000000d5880000)
  from space 3072K, 82% used [0x00000000d5880000,0x00000000d5af8358,0x00000000d5b80000)
  to   space 2560K, 0% used [0x00000000d5c00000,0x00000000d5c00000,0x00000000d5e80000)
 ParOldGen       total 227328K, used 199620K [0x0000000080000000, 0x000000008de00000, 0x00000000d5580000)
  object space 227328K, 87% used [0x0000000080000000,0x000000008c2f1140,0x000000008de00000)
 Metaspace       used 81127K, committed 82944K, reserved 1179648K
  class space    used 8103K, committed 8896K, reserved 1048576K
}
Event: 126.240 GC heap after
{Heap after GC invocations=710 (full 4):
 PSYoungGen      total 5632K, used 2475K [0x00000000d5580000, 0x00000000d5e80000, 0x0000000100000000)
  eden space 3072K, 0% used [0x00000000d5580000,0x00000000d5580000,0x00000000d5880000)
  from space 2560K, 96% used [0x00000000d5c00000,0x00000000d5e6afe0,0x00000000d5e80000)
  to   space 2560K, 0% used [0x00000000d5980000,0x00000000d5980000,0x00000000d5c00000)
 ParOldGen       total 227328K, used 201356K [0x0000000080000000, 0x000000008de00000, 0x00000000d5580000)
  object space 227328K, 88% used [0x0000000080000000,0x000000008c4a3198,0x000000008de00000)
 Metaspace       used 81127K, committed 82944K, reserved 1179648K
  class space    used 8103K, committed 8896K, reserved 1048576K
}
Event: 126.305 GC heap before
{Heap before GC invocations=711 (full 4):
 PSYoungGen      total 5632K, used 5518K [0x00000000d5580000, 0x00000000d5e80000, 0x0000000100000000)
  eden space 3072K, 99% used [0x00000000d5580000,0x00000000d5878a70,0x00000000d5880000)
  from space 2560K, 96% used [0x00000000d5c00000,0x00000000d5e6afe0,0x00000000d5e80000)
  to   space 2560K, 0% used [0x00000000d5980000,0x00000000d5980000,0x00000000d5c00000)
 ParOldGen       total 227328K, used 201356K [0x0000000080000000, 0x000000008de00000, 0x00000000d5580000)
  object space 227328K, 88% used [0x0000000080000000,0x000000008c4a3198,0x000000008de00000)
 Metaspace       used 81136K, committed 82944K, reserved 1179648K
  class space    used 8105K, committed 8896K, reserved 1048576K
}
Event: 126.307 GC heap after
{Heap after GC invocations=711 (full 4):
 PSYoungGen      total 5120K, used 1637K [0x00000000d5580000, 0x00000000d5c80000, 0x0000000100000000)
  eden space 3072K, 0% used [0x00000000d5580000,0x00000000d5580000,0x00000000d5880000)
  from space 2048K, 79% used [0x00000000d5980000,0x00000000d5b194f0,0x00000000d5b80000)
  to   space 1024K, 0% used [0x00000000d5b80000,0x00000000d5b80000,0x00000000d5c80000)
 ParOldGen       total 227328K, used 203414K [0x0000000080000000, 0x000000008de00000, 0x00000000d5580000)
  object space 227328K, 89% used [0x0000000080000000,0x000000008c6a5918,0x000000008de00000)
 Metaspace       used 81136K, committed 82944K, reserved 1179648K
  class space    used 8105K, committed 8896K, reserved 1048576K
}

