# JRE version: OpenJDK Runtime Environment Temurin-21.0.10+7 (21.0.10+7) (build 21.0.10+7-LTS)
# Java VM: OpenJDK 64-Bit Server VM Temurin-21.0.10+7 (21.0.10+7-LTS, mixed mode, sharing, tiered, compressed oops, compressed class ptrs, parallel gc, windows-amd64)
GC Precious Log:
 CardTable entry size: 512
 CPUs: 16 total, 16 available
 Memory: 32719M
 Large Page Support: Disabled
 NUMA Support: Disabled
 Compressed Oops: Enabled (32-bit)
 Alignments: Space 512K, Generation 512K, Heap 2M
 Heap Min Capacity: 100M
 Heap Initial Capacity: 100M
 Heap Max Capacity: 2G
 Pre-touch: Disabled
 Parallel Workers: 13
Heap:
 PSYoungGen      total 14336K, used 3882K [0x00000000d5580000, 0x00000000d6780000, 0x0000000100000000)
  eden space 13312K, 24% used [0x00000000d5580000,0x00000000d58a2b28,0x00000000d6280000)
  from space 1024K, 65% used [0x00000000d6380000,0x00000000d6428010,0x00000000d6480000)
  to   space 1024K, 0% used [0x00000000d6280000,0x00000000d6280000,0x00000000d6380000)
 ParOldGen       total 94720K, used 94499K [0x0000000080000000, 0x0000000085c80000, 0x00000000d5580000)
  object space 94720K, 99% used [0x0000000080000000,0x0000000085c48e18,0x0000000085c80000)
 Metaspace       used 58193K, committed 59712K, reserved 1114112K
  class space    used 6014K, committed 6720K, reserved 1048576K
GC Heap History (20 events):
Event: 11.522 GC heap after
{Heap after GC invocations=78 (full 2):
 PSYoungGen      total 11776K, used 608K [0x00000000d5580000, 0x00000000d6280000, 0x0000000100000000)
  eden space 10752K, 0% used [0x00000000d5580000,0x00000000d5580000,0x00000000d6000000)
  from space 1024K, 59% used [0x00000000d6180000,0x00000000d6218000,0x00000000d6280000)
  to   space 1024K, 0% used [0x00000000d6080000,0x00000000d6080000,0x00000000d6180000)
 ParOldGen       total 90624K, used 90228K [0x0000000080000000, 0x0000000085880000, 0x00000000d5580000)
  object space 90624K, 99% used [0x0000000080000000,0x000000008581d340,0x0000000085880000)
 Metaspace       used 58116K, committed 59584K, reserved 1114112K
  class space    used 6013K, committed 6720K, reserved 1048576K
}
Event: 11.556 GC heap before
{Heap before GC invocations=79 (full 2):
 PSYoungGen      total 11776K, used 11360K [0x00000000d5580000, 0x00000000d6280000, 0x0000000100000000)
  eden space 10752K, 100% used [0x00000000d5580000,0x00000000d6000000,0x00000000d6000000)
  from space 1024K, 59% used [0x00000000d6180000,0x00000000d6218000,0x00000000d6280000)
  to   space 1024K, 0% used [0x00000000d6080000,0x00000000d6080000,0x00000000d6180000)
 ParOldGen       total 90624K, used 90228K [0x0000000080000000, 0x0000000085880000, 0x00000000d5580000)
  object space 90624K, 99% used [0x0000000080000000,0x000000008581d340,0x0000000085880000)
 Metaspace       used 58140K, committed 59648K, reserved 1114112K
  class space    used 6013K, committed 6720K, reserved 1048576K
}
Event: 11.558 GC heap after
{Heap after GC invocations=79 (full 2):
 PSYoungGen      total 11776K, used 544K [0x00000000d5580000, 0x00000000d6200000, 0x0000000100000000)
  eden space 10752K, 0% used [0x00000000d5580000,0x00000000d5580000,0x00000000d6000000)
  from space 1024K, 53% used [0x00000000d6080000,0x00000000d6108010,0x00000000d6180000)
  to   space 512K, 0% used [0x00000000d6180000,0x00000000d6180000,0x00000000d6200000)
 ParOldGen       total 91136K, used 90684K [0x0000000080000000, 0x0000000085900000, 0x00000000d5580000)
  object space 91136K, 99% used [0x0000000080000000,0x000000008588f340,0x0000000085900000)
 Metaspace       used 58140K, committed 59648K, reserved 1114112K
  class space    used 6013K, committed 6720K, reserved 1048576K
}
Event: 11.597 GC heap before
{Heap before GC invocations=80 (full 2):
 PSYoungGen      total 11776K, used 11296K [0x00000000d5580000, 0x00000000d6200000, 0x0000000100000000)
  eden space 10752K, 100% used [0x00000000d5580000,0x00000000d6000000,0x00000000d6000000)
  from space 1024K, 53% used [0x00000000d6080000,0x00000000d6108010,0x00000000d6180000)
  to   space 512K, 0% used [0x00000000d6180000,0x00000000d6180000,0x00000000d6200000)
 ParOldGen       total 91136K, used 90684K [0x0000000080000000, 0x0000000085900000, 0x00000000d5580000)
  object space 91136K, 99% used [0x0000000080000000,0x000000008588f340,0x0000000085900000)
 Metaspace       used 58145K, committed 59648K, reserved 1114112K
  class space    used 6013K, committed 6720K, reserved 1048576K
}
Event: 11.599 GC heap after
{Heap after GC invocations=80 (full 2):
 PSYoungGen      total 11264K, used 496K [0x00000000d5580000, 0x00000000d6200000, 0x0000000100000000)
  eden space 10752K, 0% used [0x00000000d5580000,0x00000000d5580000,0x00000000d6000000)
  from space 512K, 96% used [0x00000000d6180000,0x00000000d61fc010,0x00000000d6200000)
  to   space 1024K, 0% used [0x00000000d6000000,0x00000000d6000000,0x00000000d6100000)
 ParOldGen       total 91136K, used 91084K [0x0000000080000000, 0x0000000085900000, 0x00000000d5580000)
  object space 91136K, 99% used [0x0000000080000000,0x00000000858f3350,0x0000000085900000)
 Metaspace       used 58145K, committed 59648K, reserved 1114112K
  class space    used 6013K, committed 6720K, reserved 1048576K
}
Event: 11.655 GC heap before
{Heap before GC invocations=81 (full 2):
 PSYoungGen      total 11264K, used 11248K [0x00000000d5580000, 0x00000000d6200000, 0x0000000100000000)
  eden space 10752K, 100% used [0x00000000d5580000,0x00000000d6000000,0x00000000d6000000)
  from space 512K, 96% used [0x00000000d6180000,0x00000000d61fc010,0x00000000d6200000)
  to   space 1024K, 0% used [0x00000000d6000000,0x00000000d6000000,0x00000000d6100000)
 ParOldGen       total 91136K, used 91084K [0x0000000080000000, 0x0000000085900000, 0x00000000d5580000)
  object space 91136K, 99% used [0x0000000080000000,0x00000000858f3350,0x0000000085900000)
 Metaspace       used 58153K, committed 59648K, reserved 1114112K
  class space    used 6013K, committed 6720K, reserved 1048576K
}
Event: 11.657 GC heap after
{Heap after GC invocations=81 (full 2):
 PSYoungGen      total 11776K, used 672K [0x00000000d5580000, 0x00000000d6200000, 0x0000000100000000)
  eden space 10752K, 0% used [0x00000000d5580000,0x00000000d5580000,0x00000000d6000000)
  from space 1024K, 65% used [0x00000000d6000000,0x00000000d60a8000,0x00000000d6100000)
  to   space 1024K, 0% used [0x00000000d6100000,0x00000000d6100000,0x00000000d6200000)
 ParOldGen       total 91648K, used 91492K [0x0000000080000000, 0x0000000085980000, 0x00000000d5580000)
  object space 91648K, 99% used [0x0000000080000000,0x0000000085959360,0x0000000085980000)
 Metaspace       used 58153K, committed 59648K, reserved 1114112K
  class space    used 6013K, committed 6720K, reserved 1048576K
}
Event: 11.688 GC heap before
{Heap before GC invocations=82 (full 2):
 PSYoungGen      total 11776K, used 11424K [0x00000000d5580000, 0x00000000d6200000, 0x0000000100000000)
  eden space 10752K, 100% used [0x00000000d5580000,0x00000000d6000000,0x00000000d6000000)
  from space 1024K, 65% used [0x00000000d6000000,0x00000000d60a8000,0x00000000d6100000)
  to   space 1024K, 0% used [0x00000000d6100000,0x00000000d6100000,0x00000000d6200000)
 ParOldGen       total 91648K, used 91492K [0x0000000080000000, 0x0000000085980000, 0x00000000d5580000)
  object space 91648K, 99% used [0x0000000080000000,0x0000000085959360,0x0000000085980000)
 Metaspace       used 58160K, committed 59648K, reserved 1114112K
  class space    used 6013K, committed 6720K, reserved 1048576K
}
Event: 11.690 GC heap after
{Heap after GC invocations=82 (full 2):
 PSYoungGen      total 11776K, used 512K [0x00000000d5580000, 0x00000000d6200000, 0x0000000100000000)
  eden space 10752K, 0% used [0x00000000d5580000,0x00000000d5580000,0x00000000d6000000)
  from space 1024K, 50% used [0x00000000d6100000,0x00000000d6180020,0x00000000d6200000)
  to   space 1024K, 0% used [0x00000000d6000000,0x00000000d6000000,0x00000000d6100000)
 ParOldGen       total 92160K, used 91915K [0x0000000080000000, 0x0000000085a00000, 0x00000000d5580000)
  object space 92160K, 99% used [0x0000000080000000,0x00000000859c2d78,0x0000000085a00000)
 Metaspace       used 58160K, committed 59648K, reserved 1114112K
  class space    used 6013K, committed 6720K, reserved 1048576K
}
Event: 11.727 GC heap before
{Heap before GC invocations=83 (full 2):
 PSYoungGen      total 11776K, used 11264K [0x00000000d5580000, 0x00000000d6200000, 0x0000000100000000)
  eden space 10752K, 100% used [0x00000000d5580000,0x00000000d6000000,0x00000000d6000000)
  from space 1024K, 50% used [0x00000000d6100000,0x00000000d6180020,0x00000000d6200000)
  to   space 1024K, 0% used [0x00000000d6000000,0x00000000d6000000,0x00000000d6100000)
 ParOldGen       total 92160K, used 91915K [0x0000000080000000, 0x0000000085a00000, 0x00000000d5580000)
  object space 92160K, 99% used [0x0000000080000000,0x00000000859c2d78,0x0000000085a00000)
 Metaspace       used 58174K, committed 59648K, reserved 1114112K
  class space    used 6014K, committed 6720K, reserved 1048576K
}
Event: 11.728 GC heap after
{Heap after GC invocations=83 (full 2):
 PSYoungGen      total 11776K, used 512K [0x00000000d5580000, 0x00000000d6200000, 0x0000000100000000)
  eden space 10752K, 0% used [0x00000000d5580000,0x00000000d5580000,0x00000000d6000000)
  from space 1024K, 50% used [0x00000000d6000000,0x00000000d6080000,0x00000000d6100000)
  to   space 1024K, 0% used [0x00000000d6100000,0x00000000d6100000,0x00000000d6200000)
 ParOldGen       total 92672K, used 92307K [0x0000000080000000, 0x0000000085a80000, 0x00000000d5580000)
  object space 92672K, 99% used [0x0000000080000000,0x0000000085a24d98,0x0000000085a80000)
 Metaspace       used 58174K, committed 59648K, reserved 1114112K
  class space    used 6014K, committed 6720K, reserved 1048576K
}
Event: 11.776 GC heap before
{Heap before GC invocations=84 (full 2):
 PSYoungGen      total 11776K, used 11264K [0x00000000d5580000, 0x00000000d6200000, 0x0000000100000000)
  eden space 10752K, 100% used [0x00000000d5580000,0x00000000d6000000,0x00000000d6000000)
  from space 1024K, 50% used [0x00000000d6000000,0x00000000d6080000,0x00000000d6100000)
  to   space 1024K, 0% used [0x00000000d6100000,0x00000000d6100000,0x00000000d6200000)
 ParOldGen       total 92672K, used 92307K [0x0000000080000000, 0x0000000085a80000, 0x00000000d5580000)
  object space 92672K, 99% used [0x0000000080000000,0x0000000085a24d98,0x0000000085a80000)
 Metaspace       used 58184K, committed 59712K, reserved 1114112K
  class space    used 6014K, committed 6720K, reserved 1048576K
}
Event: 11.778 GC heap after
{Heap after GC invocations=84 (full 2):
 PSYoungGen      total 11776K, used 560K [0x00000000d5580000, 0x00000000d6200000, 0x0000000100000000)
  eden space 10752K, 0% used [0x00000000d5580000,0x00000000d5580000,0x00000000d6000000)
  from space 1024K, 54% used [0x00000000d6100000,0x00000000d618c010,0x00000000d6200000)
  to   space 1024K, 0% used [0x00000000d6000000,0x00000000d6000000,0x00000000d6100000)
 ParOldGen       total 93184K, used 92683K [0x0000000080000000, 0x0000000085b00000, 0x00000000d5580000)
  object space 93184K, 99% used [0x0000000080000000,0x0000000085a82d98,0x0000000085b00000)
 Metaspace       used 58184K, committed 59712K, reserved 1114112K
  class space    used 6014K, committed 6720K, reserved 1048576K
}
Event: 11.822 GC heap before
{Heap before GC invocations=85 (full 2):
 PSYoungGen      total 11776K, used 11312K [0x00000000d5580000, 0x00000000d6200000, 0x0000000100000000)
  eden space 10752K, 100% used [0x00000000d5580000,0x00000000d6000000,0x00000000d6000000)
  from space 1024K, 54% used [0x00000000d6100000,0x00000000d618c010,0x00000000d6200000)
  to   space 1024K, 0% used [0x00000000d6000000,0x00000000d6000000,0x00000000d6100000)
 ParOldGen       total 93184K, used 92683K [0x0000000080000000, 0x0000000085b00000, 0x00000000d5580000)
  object space 93184K, 99% used [0x0000000080000000,0x0000000085a82d98,0x0000000085b00000)
 Metaspace       used 58184K, committed 59712K, reserved 1114112K
  class space    used 6014K, committed 6720K, reserved 1048576K
}
Event: 12.824 GC heap after
{Heap after GC invocations=85 (full 2):
 PSYoungGen      total 11776K, used 704K [0x00000000d5580000, 0x00000000d6480000, 0x0000000100000000)
  eden space 10752K, 0% used [0x00000000d5580000,0x00000000d5580000,0x00000000d6000000)
  from space 1024K, 68% used [0x00000000d6000000,0x00000000d60b0060,0x00000000d6100000)
  to   space 1024K, 0% used [0x00000000d6380000,0x00000000d6380000,0x00000000d6480000)
 ParOldGen       total 93184K, used 93131K [0x0000000080000000, 0x0000000085b00000, 0x00000000d5580000)
  object space 93184K, 99% used [0x0000000080000000,0x0000000085af2db8,0x0000000085b00000)
 Metaspace       used 58184K, committed 59712K, reserved 1114112K
  class space    used 6014K, committed 6720K, reserved 1048576K
}
Event: 12.843 GC heap before
{Heap before GC invocations=86 (full 2):
 PSYoungGen      total 11776K, used 11456K [0x00000000d5580000, 0x00000000d6480000, 0x0000000100000000)
  eden space 10752K, 100% used [0x00000000d5580000,0x00000000d6000000,0x00000000d6000000)
  from space 1024K, 68% used [0x00000000d6000000,0x00000000d60b0060,0x00000000d6100000)
  to   space 1024K, 0% used [0x00000000d6380000,0x00000000d6380000,0x00000000d6480000)
 ParOldGen       total 93184K, used 93131K [0x0000000080000000, 0x0000000085b00000, 0x00000000d5580000)
  object space 93184K, 99% used [0x0000000080000000,0x0000000085af2db8,0x0000000085b00000)
 Metaspace       used 58186K, committed 59712K, reserved 1114112K
  class space    used 6014K, committed 6720K, reserved 1048576K
}
Event: 12.845 GC heap after
{Heap after GC invocations=86 (full 2):
 PSYoungGen      total 14336K, used 576K [0x00000000d5580000, 0x00000000d6480000, 0x0000000100000000)
  eden space 13312K, 0% used [0x00000000d5580000,0x00000000d5580000,0x00000000d6280000)
  from space 1024K, 56% used [0x00000000d6380000,0x00000000d6410000,0x00000000d6480000)
  to   space 1024K, 0% used [0x00000000d6280000,0x00000000d6280000,0x00000000d6380000)
 ParOldGen       total 93696K, used 93667K [0x0000000080000000, 0x0000000085b80000, 0x00000000d5580000)
  object space 93696K, 99% used [0x0000000080000000,0x0000000085b78e18,0x0000000085b80000)
 Metaspace       used 58186K, committed 59712K, reserved 1114112K
  class space    used 6014K, committed 6720K, reserved 1048576K
}
Event: 12.862 GC heap before
{Heap before GC invocations=87 (full 2):
 PSYoungGen      total 14336K, used 13888K [0x00000000d5580000, 0x00000000d6480000, 0x0000000100000000)
  eden space 13312K, 100% used [0x00000000d5580000,0x00000000d6280000,0x00000000d6280000)
  from space 1024K, 56% used [0x00000000d6380000,0x00000000d6410000,0x00000000d6480000)
  to   space 1024K, 0% used [0x00000000d6280000,0x00000000d6280000,0x00000000d6380000)
 ParOldGen       total 93696K, used 93667K [0x0000000080000000, 0x0000000085b80000, 0x00000000d5580000)
  object space 93696K, 99% used [0x0000000080000000,0x0000000085b78e18,0x0000000085b80000)
 Metaspace       used 58186K, committed 59712K, reserved 1114112K
  class space    used 6014K, committed 6720K, reserved 1048576K
}
Event: 12.863 GC heap after
{Heap after GC invocations=87 (full 2):
 PSYoungGen      total 14336K, used 544K [0x00000000d5580000, 0x00000000d6480000, 0x0000000100000000)
  eden space 13312K, 0% used [0x00000000d5580000,0x00000000d5580000,0x00000000d6280000)
  from space 1024K, 53% used [0x00000000d6280000,0x00000000d6308000,0x00000000d6380000)
  to   space 1024K, 0% used [0x00000000d6380000,0x00000000d6380000,0x00000000d6480000)
 ParOldGen       total 94208K, used 94035K [0x0000000080000000, 0x0000000085c00000, 0x00000000d5580000)
  object space 94208K, 99% used [0x0000000080000000,0x0000000085bd4e18,0x0000000085c00000)
 Metaspace       used 58186K, committed 59712K, reserved 1114112K
  class space    used 6014K, committed 6720K, reserved 1048576K
}
Event: 12.878 GC heap before
{Heap before GC invocations=88 (full 2):
 PSYoungGen      total 14336K, used 13856K [0x00000000d5580000, 0x00000000d6480000, 0x0000000100000000)
  eden space 13312K, 100% used [0x00000000d5580000,0x00000000d6280000,0x00000000d6280000)
  from space 1024K, 53% used [0x00000000d6280000,0x00000000d6308000,0x00000000d6380000)
  to   space 1024K, 0% used [0x00000000d6380000,0x00000000d6380000,0x00000000d6480000)
 ParOldGen       total 94208K, used 94035K [0x0000000080000000, 0x0000000085c00000, 0x00000000d5580000)
  object space 94208K, 99% used [0x0000000080000000,0x0000000085bd4e18,0x0000000085c00000)
 Metaspace       used 58186K, committed 59712K, reserved 1114112K
  class space    used 6014K, committed 6720K, reserved 1048576K
}

