# JRE version: OpenJDK Runtime Environment Temurin-21.0.10+7 (21.0.10+7) (build 21.0.10+7-LTS)
# Java VM: OpenJDK 64-Bit Server VM Temurin-21.0.10+7 (21.0.10+7-LTS, mixed mode, sharing, tiered, compressed oops, compressed class ptrs, parallel gc, windows-amd64)
GC Precious Log:
 CardTable entry size: 512
 CPUs: 16 total, 16 available
 Memory: 32719M
 Large Page Support: Disabled
 NUMA Support: Disabled
 Compressed Oops: Enabled (32-bit)
 Alignments: Space 512K, Generation 512K, Heap 2M
 Heap Min Capacity: 100M
 Heap Initial Capacity: 100M
 Heap Max Capacity: 2G
 Pre-touch: Disabled
 Parallel Workers: 13
Heap:
 PSYoungGen      total 14848K, used 416K [0x00000000d5580000, 0x00000000d6780000, 0x0000000100000000)
  eden space 14336K, 0% used [0x00000000d5580000,0x00000000d5580000,0x00000000d6380000)
  from space 512K, 81% used [0x00000000d6380000,0x00000000d63e8000,0x00000000d6400000)
  to   space 1536K, 0% used [0x00000000d6600000,0x00000000d6600000,0x00000000d6780000)
 ParOldGen       total 96768K, used 96304K [0x0000000080000000, 0x0000000085e80000, 0x00000000d5580000)
  object space 96768K, 99% used [0x0000000080000000,0x0000000085e0c1e0,0x0000000085e80000)
 Metaspace       used 58392K, committed 59776K, reserved 1114112K
  class space    used 6087K, committed 6720K, reserved 1048576K
GC Heap History (20 events):
Event: 12.148 GC heap after
{Heap after GC invocations=57 (full 2):
 PSYoungGen      total 15872K, used 1520K [0x00000000d5580000, 0x00000000d6780000, 0x0000000100000000)
  eden space 14336K, 0% used [0x00000000d5580000,0x00000000d5580000,0x00000000d6380000)
  from space 1536K, 98% used [0x00000000d6380000,0x00000000d64fc030,0x00000000d6500000)
  to   space 2048K, 0% used [0x00000000d6580000,0x00000000d6580000,0x00000000d6780000)
 ParOldGen       total 82432K, used 82269K [0x0000000080000000, 0x0000000085080000, 0x00000000d5580000)
  object space 82432K, 99% used [0x0000000080000000,0x0000000085057680,0x0000000085080000)
 Metaspace       used 57227K, committed 58624K, reserved 1114112K
  class space    used 6027K, committed 6656K, reserved 1048576K
}
Event: 12.211 GC heap before
{Heap before GC invocations=58 (full 2):
 PSYoungGen      total 15872K, used 15856K [0x00000000d5580000, 0x00000000d6780000, 0x0000000100000000)
  eden space 14336K, 100% used [0x00000000d5580000,0x00000000d6380000,0x00000000d6380000)
  from space 1536K, 98% used [0x00000000d6380000,0x00000000d64fc030,0x00000000d6500000)
  to   space 2048K, 0% used [0x00000000d6580000,0x00000000d6580000,0x00000000d6780000)
 ParOldGen       total 82432K, used 82269K [0x0000000080000000, 0x0000000085080000, 0x00000000d5580000)
  object space 82432K, 99% used [0x0000000080000000,0x0000000085057680,0x0000000085080000)
 Metaspace       used 57245K, committed 58624K, reserved 1114112K
  class space    used 6029K, committed 6656K, reserved 1048576K
}
Event: 12.214 GC heap after
{Heap after GC invocations=58 (full 2):
 PSYoungGen      total 15872K, used 1376K [0x00000000d5580000, 0x00000000d6700000, 0x0000000100000000)
  eden space 14336K, 0% used [0x00000000d5580000,0x00000000d5580000,0x00000000d6380000)
  from space 1536K, 89% used [0x00000000d6580000,0x00000000d66d8020,0x00000000d6700000)
  to   space 1536K, 0% used [0x00000000d6380000,0x00000000d6380000,0x00000000d6500000)
 ParOldGen       total 83968K, used 83545K [0x0000000080000000, 0x0000000085200000, 0x00000000d5580000)
  object space 83968K, 99% used [0x0000000080000000,0x0000000085196718,0x0000000085200000)
 Metaspace       used 57245K, committed 58624K, reserved 1114112K
  class space    used 6029K, committed 6656K, reserved 1048576K
}
Event: 12.257 GC heap before
{Heap before GC invocations=59 (full 2):
 PSYoungGen      total 15872K, used 15712K [0x00000000d5580000, 0x00000000d6700000, 0x0000000100000000)
  eden space 14336K, 100% used [0x00000000d5580000,0x00000000d6380000,0x00000000d6380000)
  from space 1536K, 89% used [0x00000000d6580000,0x00000000d66d8020,0x00000000d6700000)
  to   space 1536K, 0% used [0x00000000d6380000,0x00000000d6380000,0x00000000d6500000)
 ParOldGen       total 83968K, used 83545K [0x0000000080000000, 0x0000000085200000, 0x00000000d5580000)
  object space 83968K, 99% used [0x0000000080000000,0x0000000085196718,0x0000000085200000)
 Metaspace       used 57255K, committed 58624K, reserved 1114112K
  class space    used 6030K, committed 6656K, reserved 1048576K
}
Event: 12.259 GC heap after
{Heap after GC invocations=59 (full 2):
 PSYoungGen      total 15872K, used 1187K [0x00000000d5580000, 0x00000000d6680000, 0x0000000100000000)
  eden space 14336K, 0% used [0x00000000d5580000,0x00000000d5580000,0x00000000d6380000)
  from space 1536K, 77% used [0x00000000d6380000,0x00000000d64a8cf0,0x00000000d6500000)
  to   space 1536K, 0% used [0x00000000d6500000,0x00000000d6500000,0x00000000d6680000)
 ParOldGen       total 84992K, used 84778K [0x0000000080000000, 0x0000000085300000, 0x00000000d5580000)
  object space 84992K, 99% used [0x0000000080000000,0x00000000852ca8e8,0x0000000085300000)
 Metaspace       used 57255K, committed 58624K, reserved 1114112K
  class space    used 6030K, committed 6656K, reserved 1048576K
}
Event: 12.301 GC heap before
{Heap before GC invocations=60 (full 2):
 PSYoungGen      total 15872K, used 15523K [0x00000000d5580000, 0x00000000d6680000, 0x0000000100000000)
  eden space 14336K, 100% used [0x00000000d5580000,0x00000000d6380000,0x00000000d6380000)
  from space 1536K, 77% used [0x00000000d6380000,0x00000000d64a8cf0,0x00000000d6500000)
  to   space 1536K, 0% used [0x00000000d6500000,0x00000000d6500000,0x00000000d6680000)
 ParOldGen       total 84992K, used 84778K [0x0000000080000000, 0x0000000085300000, 0x00000000d5580000)
  object space 84992K, 99% used [0x0000000080000000,0x00000000852ca8e8,0x0000000085300000)
 Metaspace       used 57273K, committed 58624K, reserved 1114112K
  class space    used 6030K, committed 6656K, reserved 1048576K
}
Event: 12.302 GC heap after
{Heap after GC invocations=60 (full 2):
 PSYoungGen      total 15872K, used 1312K [0x00000000d5580000, 0x00000000d6680000, 0x0000000100000000)
  eden space 14336K, 0% used [0x00000000d5580000,0x00000000d5580000,0x00000000d6380000)
  from space 1536K, 85% used [0x00000000d6500000,0x00000000d6648000,0x00000000d6680000)
  to   space 1536K, 0% used [0x00000000d6380000,0x00000000d6380000,0x00000000d6500000)
 ParOldGen       total 86016K, used 85801K [0x0000000080000000, 0x0000000085400000, 0x00000000d5580000)
  object space 86016K, 99% used [0x0000000080000000,0x00000000853ca608,0x0000000085400000)
 Metaspace       used 57273K, committed 58624K, reserved 1114112K
  class space    used 6030K, committed 6656K, reserved 1048576K
}
Event: 12.350 GC heap before
{Heap before GC invocations=61 (full 2):
 PSYoungGen      total 15872K, used 15648K [0x00000000d5580000, 0x00000000d6680000, 0x0000000100000000)
  eden space 14336K, 100% used [0x00000000d5580000,0x00000000d6380000,0x00000000d6380000)
  from space 1536K, 85% used [0x00000000d6500000,0x00000000d6648000,0x00000000d6680000)
  to   space 1536K, 0% used [0x00000000d6380000,0x00000000d6380000,0x00000000d6500000)
 ParOldGen       total 86016K, used 85801K [0x0000000080000000, 0x0000000085400000, 0x00000000d5580000)
  object space 86016K, 99% used [0x0000000080000000,0x00000000853ca608,0x0000000085400000)
 Metaspace       used 57343K, committed 58688K, reserved 1114112K
  class space    used 6030K, committed 6656K, reserved 1048576K
}
Event: 12.352 GC heap after
{Heap after GC invocations=61 (full 2):
 PSYoungGen      total 15872K, used 1505K [0x00000000d5580000, 0x00000000d6980000, 0x0000000100000000)
  eden space 14336K, 0% used [0x00000000d5580000,0x00000000d5580000,0x00000000d6380000)
  from space 1536K, 98% used [0x00000000d6380000,0x00000000d64f87f0,0x00000000d6500000)
  to   space 3072K, 0% used [0x00000000d6680000,0x00000000d6680000,0x00000000d6980000)
 ParOldGen       total 87040K, used 86905K [0x0000000080000000, 0x0000000085500000, 0x00000000d5580000)
  object space 87040K, 99% used [0x0000000080000000,0x00000000854de708,0x0000000085500000)
 Metaspace       used 57343K, committed 58688K, reserved 1114112K
  class space    used 6030K, committed 6656K, reserved 1048576K
}
Event: 12.380 GC heap before
{Heap before GC invocations=62 (full 2):
 PSYoungGen      total 15872K, used 15841K [0x00000000d5580000, 0x00000000d6980000, 0x0000000100000000)
  eden space 14336K, 100% used [0x00000000d5580000,0x00000000d6380000,0x00000000d6380000)
  from space 1536K, 98% used [0x00000000d6380000,0x00000000d64f87f0,0x00000000d6500000)
  to   space 3072K, 0% used [0x00000000d6680000,0x00000000d6680000,0x00000000d6980000)
 ParOldGen       total 87040K, used 86905K [0x0000000080000000, 0x0000000085500000, 0x00000000d5580000)
  object space 87040K, 99% used [0x0000000080000000,0x00000000854de708,0x0000000085500000)
 Metaspace       used 57359K, committed 58752K, reserved 1114112K
  class space    used 6030K, committed 6656K, reserved 1048576K
}
Event: 12.382 GC heap after
{Heap after GC invocations=62 (full 2):
 PSYoungGen      total 15872K, used 1056K [0x00000000d5580000, 0x00000000d6800000, 0x0000000100000000)
  eden space 14336K, 0% used [0x00000000d5580000,0x00000000d5580000,0x00000000d6380000)
  from space 1536K, 68% used [0x00000000d6680000,0x00000000d6788020,0x00000000d6800000)
  to   space 2048K, 0% used [0x00000000d6400000,0x00000000d6400000,0x00000000d6600000)
 ParOldGen       total 88576K, used 88287K [0x0000000080000000, 0x0000000085680000, 0x00000000d5580000)
  object space 88576K, 99% used [0x0000000080000000,0x0000000085637e80,0x0000000085680000)
 Metaspace       used 57359K, committed 58752K, reserved 1114112K
  class space    used 6030K, committed 6656K, reserved 1048576K
}
Event: 12.414 GC heap before
{Heap before GC invocations=63 (full 2):
 PSYoungGen      total 15872K, used 15392K [0x00000000d5580000, 0x00000000d6800000, 0x0000000100000000)
  eden space 14336K, 100% used [0x00000000d5580000,0x00000000d6380000,0x00000000d6380000)
  from space 1536K, 68% used [0x00000000d6680000,0x00000000d6788020,0x00000000d6800000)
  to   space 2048K, 0% used [0x00000000d6400000,0x00000000d6400000,0x00000000d6600000)
 ParOldGen       total 88576K, used 88287K [0x0000000080000000, 0x0000000085680000, 0x00000000d5580000)
  object space 88576K, 99% used [0x0000000080000000,0x0000000085637e80,0x0000000085680000)
 Metaspace       used 57380K, committed 58816K, reserved 1114112K
  class space    used 6031K, committed 6720K, reserved 1048576K
}
Event: 12.416 GC heap after
{Heap after GC invocations=63 (full 2):
 PSYoungGen      total 15872K, used 1175K [0x00000000d5580000, 0x00000000d6700000, 0x0000000100000000)
  eden space 14336K, 0% used [0x00000000d5580000,0x00000000d5580000,0x00000000d6380000)
  from space 1536K, 76% used [0x00000000d6400000,0x00000000d6525f90,0x00000000d6580000)
  to   space 1536K, 0% used [0x00000000d6580000,0x00000000d6580000,0x00000000d6700000)
 ParOldGen       total 89600K, used 89188K [0x0000000080000000, 0x0000000085780000, 0x00000000d5580000)
  object space 89600K, 99% used [0x0000000080000000,0x00000000857191b8,0x0000000085780000)
 Metaspace       used 57380K, committed 58816K, reserved 1114112K
  class space    used 6031K, committed 6720K, reserved 1048576K
}
Event: 12.450 GC heap before
{Heap before GC invocations=64 (full 2):
 PSYoungGen      total 15872K, used 15511K [0x00000000d5580000, 0x00000000d6700000, 0x0000000100000000)
  eden space 14336K, 100% used [0x00000000d5580000,0x00000000d6380000,0x00000000d6380000)
  from space 1536K, 76% used [0x00000000d6400000,0x00000000d6525f90,0x00000000d6580000)
  to   space 1536K, 0% used [0x00000000d6580000,0x00000000d6580000,0x00000000d6700000)
 ParOldGen       total 89600K, used 89188K [0x0000000080000000, 0x0000000085780000, 0x00000000d5580000)
  object space 89600K, 99% used [0x0000000080000000,0x00000000857191b8,0x0000000085780000)
 Metaspace       used 57401K, committed 58816K, reserved 1114112K
  class space    used 6032K, committed 6720K, reserved 1048576K
}
Event: 12.452 GC heap after
{Heap after GC invocations=64 (full 2):
 PSYoungGen      total 15872K, used 1344K [0x00000000d5580000, 0x00000000d6700000, 0x0000000100000000)
  eden space 14336K, 0% used [0x00000000d5580000,0x00000000d5580000,0x00000000d6380000)
  from space 1536K, 87% used [0x00000000d6580000,0x00000000d66d0060,0x00000000d6700000)
  to   space 1536K, 0% used [0x00000000d6400000,0x00000000d6400000,0x00000000d6580000)
 ParOldGen       total 90624K, used 90118K [0x0000000080000000, 0x0000000085880000, 0x00000000d5580000)
  object space 90624K, 99% used [0x0000000080000000,0x0000000085801838,0x0000000085880000)
 Metaspace       used 57401K, committed 58816K, reserved 1114112K
  class space    used 6032K, committed 6720K, reserved 1048576K
}
Event: 12.598 GC heap before
{Heap before GC invocations=65 (full 2):
 PSYoungGen      total 15872K, used 15680K [0x00000000d5580000, 0x00000000d6700000, 0x0000000100000000)
  eden space 14336K, 100% used [0x00000000d5580000,0x00000000d6380000,0x00000000d6380000)
  from space 1536K, 87% used [0x00000000d6580000,0x00000000d66d0060,0x00000000d6700000)
  to   space 1536K, 0% used [0x00000000d6400000,0x00000000d6400000,0x00000000d6580000)
 ParOldGen       total 90624K, used 90118K [0x0000000080000000, 0x0000000085880000, 0x00000000d5580000)
  object space 90624K, 99% used [0x0000000080000000,0x0000000085801838,0x0000000085880000)
 Metaspace       used 57763K, committed 59136K, reserved 1114112K
  class space    used 6068K, committed 6720K, reserved 1048576K
}
Event: 12.601 GC heap after
{Heap after GC invocations=65 (full 2):
 PSYoungGen      total 15872K, used 1536K [0x00000000d5580000, 0x00000000d6a80000, 0x0000000100000000)
  eden space 14336K, 0% used [0x00000000d5580000,0x00000000d5580000,0x00000000d6380000)
  from space 1536K, 100% used [0x00000000d6400000,0x00000000d6580000,0x00000000d6580000)
  to   space 3584K, 0% used [0x00000000d6700000,0x00000000d6700000,0x00000000d6a80000)
 ParOldGen       total 91648K, used 91502K [0x0000000080000000, 0x0000000085980000, 0x00000000d5580000)
  object space 91648K, 99% used [0x0000000080000000,0x000000008595ba00,0x0000000085980000)
 Metaspace       used 57763K, committed 59136K, reserved 1114112K
  class space    used 6068K, committed 6720K, reserved 1048576K
}
Event: 12.836 GC heap before
{Heap before GC invocations=66 (full 2):
 PSYoungGen      total 15872K, used 15872K [0x00000000d5580000, 0x00000000d6a80000, 0x0000000100000000)
  eden space 14336K, 100% used [0x00000000d5580000,0x00000000d6380000,0x00000000d6380000)
  from space 1536K, 100% used [0x00000000d6400000,0x00000000d6580000,0x00000000d6580000)
  to   space 3584K, 0% used [0x00000000d6700000,0x00000000d6700000,0x00000000d6a80000)
 ParOldGen       total 91648K, used 91502K [0x0000000080000000, 0x0000000085980000, 0x00000000d5580000)
  object space 91648K, 99% used [0x0000000080000000,0x000000008595ba00,0x0000000085980000)
 Metaspace       used 58326K, committed 59648K, reserved 1114112K
  class space    used 6087K, committed 6720K, reserved 1048576K
}
Event: 12.842 GC heap after
{Heap after GC invocations=66 (full 2):
 PSYoungGen      total 17920K, used 3399K [0x00000000d5580000, 0x00000000d6a80000, 0x0000000100000000)
  eden space 14336K, 0% used [0x00000000d5580000,0x00000000d5580000,0x00000000d6380000)
  from space 3584K, 94% used [0x00000000d6700000,0x00000000d6a51e68,0x00000000d6a80000)
  to   space 3584K, 0% used [0x00000000d6380000,0x00000000d6380000,0x00000000d6700000)
 ParOldGen       total 93184K, used 93039K [0x0000000080000000, 0x0000000085b00000, 0x00000000d5580000)
  object space 93184K, 99% used [0x0000000080000000,0x0000000085adbe78,0x0000000085b00000)
 Metaspace       used 58326K, committed 59648K, reserved 1114112K
  class space    used 6087K, committed 6720K, reserved 1048576K
}
Event: 12.880 GC heap before
{Heap before GC invocations=67 (full 2):
 PSYoungGen      total 17920K, used 7321K [0x00000000d5580000, 0x00000000d6a80000, 0x0000000100000000)
  eden space 14336K, 27% used [0x00000000d5580000,0x00000000d5954618,0x00000000d6380000)
  from space 3584K, 94% used [0x00000000d6700000,0x00000000d6a51e68,0x00000000d6a80000)
  to   space 3584K, 0% used [0x00000000d6380000,0x00000000d6380000,0x00000000d6700000)
 ParOldGen       total 93184K, used 93039K [0x0000000080000000, 0x0000000085b00000, 0x00000000d5580000)
  object space 93184K, 99% used [0x0000000080000000,0x0000000085adbe78,0x0000000085b00000)
 Metaspace       used 58392K, committed 59776K, reserved 1114112K
  class space    used 6087K, committed 6720K, reserved 1048576K
}

