# JRE version: OpenJDK Runtime Environment Temurin-21.0.10+7 (21.0.10+7) (build 21.0.10+7-LTS)
# Java VM: OpenJDK 64-Bit Server VM Temurin-21.0.10+7 (21.0.10+7-LTS, mixed mode, sharing, tiered, compressed oops, compressed class ptrs, parallel gc, windows-amd64)
GC Precious Log:
 CardTable entry size: 512
 CPUs: 16 total, 16 available
 Memory: 32719M
 Large Page Support: Disabled
 NUMA Support: Disabled
 Compressed Oops: Enabled (32-bit)
 Alignments: Space 512K, Generation 512K, Heap 2M
 Heap Min Capacity: 100M
 Heap Initial Capacity: 100M
 Heap Max Capacity: 2G
 Pre-touch: Disabled
 Parallel Workers: 13
Heap:
 PSYoungGen      total 18432K, used 10194K [0x00000000d5580000, 0x00000000d7000000, 0x0000000100000000)
  eden space 17920K, 54% used [0x00000000d5580000,0x00000000d5f04ae0,0x00000000d6700000)
  from space 512K, 87% used [0x00000000d6f80000,0x00000000d6ff0000,0x00000000d7000000)
  to   space 512K, 0% used [0x00000000d6f00000,0x00000000d6f00000,0x00000000d6f80000)
 ParOldGen       total 209920K, used 199917K [0x0000000080000000, 0x000000008cd00000, 0x00000000d5580000)
  object space 209920K, 95% used [0x0000000080000000,0x000000008c33b668,0x000000008cd00000)
 Metaspace       used 81020K, committed 82688K, reserved 1179648K
  class space    used 8087K, committed 8832K, reserved 1048576K
GC Heap History (20 events):
Event: 48.529 GC heap before
{Heap before GC invocations=525 (full 4):
 PSYoungGen      total 18944K, used 18464K [0x00000000d5580000, 0x00000000d7180000, 0x0000000100000000)
  eden space 17920K, 100% used [0x00000000d5580000,0x00000000d6700000,0x00000000d6700000)
  from space 1024K, 53% used [0x00000000d7080000,0x00000000d7108000,0x00000000d7180000)
  to   space 1024K, 0% used [0x00000000d6f80000,0x00000000d6f80000,0x00000000d7080000)
 ParOldGen       total 209920K, used 197210K [0x0000000080000000, 0x000000008cd00000, 0x00000000d5580000)
  object space 209920K, 93% used [0x0000000080000000,0x000000008c0969f8,0x000000008cd00000)
 Metaspace       used 80915K, committed 82560K, reserved 1179648K
  class space    used 8078K, committed 8832K, reserved 1048576K
}
Event: 48.530 GC heap after
{Heap after GC invocations=525 (full 4):
 PSYoungGen      total 18944K, used 800K [0x00000000d5580000, 0x00000000d7100000, 0x0000000100000000)
  eden space 17920K, 0% used [0x00000000d5580000,0x00000000d5580000,0x00000000d6700000)
  from space 1024K, 78% used [0x00000000d6f80000,0x00000000d7048000,0x00000000d7080000)
  to   space 512K, 0% used [0x00000000d7080000,0x00000000d7080000,0x00000000d7100000)
 ParOldGen       total 209920K, used 197451K [0x0000000080000000, 0x000000008cd00000, 0x00000000d5580000)
  object space 209920K, 94% used [0x0000000080000000,0x000000008c0d2c78,0x000000008cd00000)
 Metaspace       used 80915K, committed 82560K, reserved 1179648K
  class space    used 8078K, committed 8832K, reserved 1048576K
}
Event: 48.593 GC heap before
{Heap before GC invocations=526 (full 4):
 PSYoungGen      total 18944K, used 18720K [0x00000000d5580000, 0x00000000d7100000, 0x0000000100000000)
  eden space 17920K, 100% used [0x00000000d5580000,0x00000000d6700000,0x00000000d6700000)
  from space 1024K, 78% used [0x00000000d6f80000,0x00000000d7048000,0x00000000d7080000)
  to   space 512K, 0% used [0x00000000d7080000,0x00000000d7080000,0x00000000d7100000)
 ParOldGen       total 209920K, used 197451K [0x0000000080000000, 0x000000008cd00000, 0x00000000d5580000)
  object space 209920K, 94% used [0x0000000080000000,0x000000008c0d2c78,0x000000008cd00000)
 Metaspace       used 80918K, committed 82560K, reserved 1179648K
  class space    used 8078K, committed 8832K, reserved 1048576K
}
Event: 48.595 GC heap after
{Heap after GC invocations=526 (full 4):
 PSYoungGen      total 18432K, used 512K [0x00000000d5580000, 0x00000000d7100000, 0x0000000100000000)
  eden space 17920K, 0% used [0x00000000d5580000,0x00000000d5580000,0x00000000d6700000)
  from space 512K, 100% used [0x00000000d7080000,0x00000000d7100000,0x00000000d7100000)
  to   space 1024K, 0% used [0x00000000d6f00000,0x00000000d6f00000,0x00000000d7000000)
 ParOldGen       total 209920K, used 197685K [0x0000000080000000, 0x000000008cd00000, 0x00000000d5580000)
  object space 209920K, 94% used [0x0000000080000000,0x000000008c10d638,0x000000008cd00000)
 Metaspace       used 80918K, committed 82560K, reserved 1179648K
  class space    used 8078K, committed 8832K, reserved 1048576K
}
Event: 48.683 GC heap before
{Heap before GC invocations=527 (full 4):
 PSYoungGen      total 18432K, used 18432K [0x00000000d5580000, 0x00000000d7100000, 0x0000000100000000)
  eden space 17920K, 100% used [0x00000000d5580000,0x00000000d6700000,0x00000000d6700000)
  from space 512K, 100% used [0x00000000d7080000,0x00000000d7100000,0x00000000d7100000)
  to   space 1024K, 0% used [0x00000000d6f00000,0x00000000d6f00000,0x00000000d7000000)
 ParOldGen       total 209920K, used 197685K [0x0000000080000000, 0x000000008cd00000, 0x00000000d5580000)
  object space 209920K, 94% used [0x0000000080000000,0x000000008c10d638,0x000000008cd00000)
 Metaspace       used 80922K, committed 82560K, reserved 1179648K
  class space    used 8078K, committed 8832K, reserved 1048576K
}
Event: 48.684 GC heap after
{Heap after GC invocations=527 (full 4):
 PSYoungGen      total 18944K, used 608K [0x00000000d5580000, 0x00000000d7100000, 0x0000000100000000)
  eden space 17920K, 0% used [0x00000000d5580000,0x00000000d5580000,0x00000000d6700000)
  from space 1024K, 59% used [0x00000000d6f00000,0x00000000d6f98000,0x00000000d7000000)
  to   space 1024K, 0% used [0x00000000d7000000,0x00000000d7000000,0x00000000d7100000)
 ParOldGen       total 209920K, used 197970K [0x0000000080000000, 0x000000008cd00000, 0x00000000d5580000)
  object space 209920K, 94% used [0x0000000080000000,0x000000008c154aa0,0x000000008cd00000)
 Metaspace       used 80922K, committed 82560K, reserved 1179648K
  class space    used 8078K, committed 8832K, reserved 1048576K
}
Event: 48.751 GC heap before
{Heap before GC invocations=528 (full 4):
 PSYoungGen      total 18944K, used 18528K [0x00000000d5580000, 0x00000000d7100000, 0x0000000100000000)
  eden space 17920K, 100% used [0x00000000d5580000,0x00000000d6700000,0x00000000d6700000)
  from space 1024K, 59% used [0x00000000d6f00000,0x00000000d6f98000,0x00000000d7000000)
  to   space 1024K, 0% used [0x00000000d7000000,0x00000000d7000000,0x00000000d7100000)
 ParOldGen       total 209920K, used 197970K [0x0000000080000000, 0x000000008cd00000, 0x00000000d5580000)
  object space 209920K, 94% used [0x0000000080000000,0x000000008c154aa0,0x000000008cd00000)
 Metaspace       used 80925K, committed 82560K, reserved 1179648K
  class space    used 8078K, committed 8832K, reserved 1048576K
}
Event: 48.753 GC heap after
{Heap after GC invocations=528 (full 4):
 PSYoungGen      total 18944K, used 720K [0x00000000d5580000, 0x00000000d7100000, 0x0000000100000000)
  eden space 17920K, 0% used [0x00000000d5580000,0x00000000d5580000,0x00000000d6700000)
  from space 1024K, 70% used [0x00000000d7000000,0x00000000d70b4010,0x00000000d7100000)
  to   space 1024K, 0% used [0x00000000d6f00000,0x00000000d6f00000,0x00000000d7000000)
 ParOldGen       total 209920K, used 198218K [0x0000000080000000, 0x000000008cd00000, 0x00000000d5580000)
  object space 209920K, 94% used [0x0000000080000000,0x000000008c192aa0,0x000000008cd00000)
 Metaspace       used 80925K, committed 82560K, reserved 1179648K
  class space    used 8078K, committed 8832K, reserved 1048576K
}
Event: 48.829 GC heap before
{Heap before GC invocations=529 (full 4):
 PSYoungGen      total 18944K, used 18640K [0x00000000d5580000, 0x00000000d7100000, 0x0000000100000000)
  eden space 17920K, 100% used [0x00000000d5580000,0x00000000d6700000,0x00000000d6700000)
  from space 1024K, 70% used [0x00000000d7000000,0x00000000d70b4010,0x00000000d7100000)
  to   space 1024K, 0% used [0x00000000d6f00000,0x00000000d6f00000,0x00000000d7000000)
 ParOldGen       total 209920K, used 198218K [0x0000000080000000, 0x000000008cd00000, 0x00000000d5580000)
  object space 209920K, 94% used [0x0000000080000000,0x000000008c192aa0,0x000000008cd00000)
 Metaspace       used 80932K, committed 82560K, reserved 1179648K
  class space    used 8079K, committed 8832K, reserved 1048576K
}
Event: 48.831 GC heap after
{Heap after GC invocations=529 (full 4):
 PSYoungGen      total 18944K, used 736K [0x00000000d5580000, 0x00000000d7080000, 0x0000000100000000)
  eden space 17920K, 0% used [0x00000000d5580000,0x00000000d5580000,0x00000000d6700000)
  from space 1024K, 71% used [0x00000000d6f00000,0x00000000d6fb8010,0x00000000d7000000)
  to   space 512K, 0% used [0x00000000d7000000,0x00000000d7000000,0x00000000d7080000)
 ParOldGen       total 209920K, used 198440K [0x0000000080000000, 0x000000008cd00000, 0x00000000d5580000)
  object space 209920K, 94% used [0x0000000080000000,0x000000008c1ca1b8,0x000000008cd00000)
 Metaspace       used 80932K, committed 82560K, reserved 1179648K
  class space    used 8079K, committed 8832K, reserved 1048576K
}
Event: 48.928 GC heap before
{Heap before GC invocations=530 (full 4):
 PSYoungGen      total 18944K, used 18656K [0x00000000d5580000, 0x00000000d7080000, 0x0000000100000000)
  eden space 17920K, 100% used [0x00000000d5580000,0x00000000d6700000,0x00000000d6700000)
  from space 1024K, 71% used [0x00000000d6f00000,0x00000000d6fb8010,0x00000000d7000000)
  to   space 512K, 0% used [0x00000000d7000000,0x00000000d7000000,0x00000000d7080000)
 ParOldGen       total 209920K, used 198440K [0x0000000080000000, 0x000000008cd00000, 0x00000000d5580000)
  object space 209920K, 94% used [0x0000000080000000,0x000000008c1ca1b8,0x000000008cd00000)
 Metaspace       used 80965K, committed 82624K, reserved 1179648K
  class space    used 8083K, committed 8832K, reserved 1048576K
}
Event: 48.930 GC heap after
{Heap after GC invocations=530 (full 4):
 PSYoungGen      total 18432K, used 512K [0x00000000d5580000, 0x00000000d7080000, 0x0000000100000000)
  eden space 17920K, 0% used [0x00000000d5580000,0x00000000d5580000,0x00000000d6700000)
  from space 512K, 100% used [0x00000000d7000000,0x00000000d7080000,0x00000000d7080000)
  to   space 1024K, 0% used [0x00000000d6e80000,0x00000000d6e80000,0x00000000d6f80000)
 ParOldGen       total 209920K, used 198872K [0x0000000080000000, 0x000000008cd00000, 0x00000000d5580000)
  object space 209920K, 94% used [0x0000000080000000,0x000000008c2361c8,0x000000008cd00000)
 Metaspace       used 80965K, committed 82624K, reserved 1179648K
  class space    used 8083K, committed 8832K, reserved 1048576K
}
Event: 49.013 GC heap before
{Heap before GC invocations=531 (full 4):
 PSYoungGen      total 18432K, used 18432K [0x00000000d5580000, 0x00000000d7080000, 0x0000000100000000)
  eden space 17920K, 100% used [0x00000000d5580000,0x00000000d6700000,0x00000000d6700000)
  from space 512K, 100% used [0x00000000d7000000,0x00000000d7080000,0x00000000d7080000)
  to   space 1024K, 0% used [0x00000000d6e80000,0x00000000d6e80000,0x00000000d6f80000)
 ParOldGen       total 209920K, used 198872K [0x0000000080000000, 0x000000008cd00000, 0x00000000d5580000)
  object space 209920K, 94% used [0x0000000080000000,0x000000008c2361c8,0x000000008cd00000)
 Metaspace       used 80978K, committed 82624K, reserved 1179648K
  class space    used 8085K, committed 8832K, reserved 1048576K
}
Event: 49.014 GC heap after
{Heap after GC invocations=531 (full 4):
 PSYoungGen      total 18944K, used 544K [0x00000000d5580000, 0x00000000d7080000, 0x0000000100000000)
  eden space 17920K, 0% used [0x00000000d5580000,0x00000000d5580000,0x00000000d6700000)
  from space 1024K, 53% used [0x00000000d6e80000,0x00000000d6f08000,0x00000000d6f80000)
  to   space 1024K, 0% used [0x00000000d6f80000,0x00000000d6f80000,0x00000000d7080000)
 ParOldGen       total 209920K, used 199145K [0x0000000080000000, 0x000000008cd00000, 0x00000000d5580000)
  object space 209920K, 94% used [0x0000000080000000,0x000000008c27a4c0,0x000000008cd00000)
 Metaspace       used 80978K, committed 82624K, reserved 1179648K
  class space    used 8085K, committed 8832K, reserved 1048576K
}
Event: 49.085 GC heap before
{Heap before GC invocations=532 (full 4):
 PSYoungGen      total 18944K, used 18464K [0x00000000d5580000, 0x00000000d7080000, 0x0000000100000000)
  eden space 17920K, 100% used [0x00000000d5580000,0x00000000d6700000,0x00000000d6700000)
  from space 1024K, 53% used [0x00000000d6e80000,0x00000000d6f08000,0x00000000d6f80000)
  to   space 1024K, 0% used [0x00000000d6f80000,0x00000000d6f80000,0x00000000d7080000)
 ParOldGen       total 209920K, used 199145K [0x0000000080000000, 0x000000008cd00000, 0x00000000d5580000)
  object space 209920K, 94% used [0x0000000080000000,0x000000008c27a4c0,0x000000008cd00000)
 Metaspace       used 80982K, committed 82624K, reserved 1179648K
  class space    used 8085K, committed 8832K, reserved 1048576K
}
Event: 49.087 GC heap after
{Heap after GC invocations=532 (full 4):
 PSYoungGen      total 18944K, used 544K [0x00000000d5580000, 0x00000000d7080000, 0x0000000100000000)
  eden space 17920K, 0% used [0x00000000d5580000,0x00000000d5580000,0x00000000d6700000)
  from space 1024K, 53% used [0x00000000d6f80000,0x00000000d7008000,0x00000000d7080000)
  to   space 1024K, 0% used [0x00000000d6e80000,0x00000000d6e80000,0x00000000d6f80000)
 ParOldGen       total 209920K, used 199421K [0x0000000080000000, 0x000000008cd00000, 0x00000000d5580000)
  object space 209920K, 94% used [0x0000000080000000,0x000000008c2bf668,0x000000008cd00000)
 Metaspace       used 80982K, committed 82624K, reserved 1179648K
  class space    used 8085K, committed 8832K, reserved 1048576K
}
Event: 49.137 GC heap before
{Heap before GC invocations=533 (full 4):
 PSYoungGen      total 18944K, used 18464K [0x00000000d5580000, 0x00000000d7080000, 0x0000000100000000)
  eden space 17920K, 100% used [0x00000000d5580000,0x00000000d6700000,0x00000000d6700000)
  from space 1024K, 53% used [0x00000000d6f80000,0x00000000d7008000,0x00000000d7080000)
  to   space 1024K, 0% used [0x00000000d6e80000,0x00000000d6e80000,0x00000000d6f80000)
 ParOldGen       total 209920K, used 199421K [0x0000000080000000, 0x000000008cd00000, 0x00000000d5580000)
  object space 209920K, 94% used [0x0000000080000000,0x000000008c2bf668,0x000000008cd00000)
 Metaspace       used 80983K, committed 82624K, reserved 1179648K
  class space    used 8085K, committed 8832K, reserved 1048576K
}
Event: 49.138 GC heap after
{Heap after GC invocations=533 (full 4):
 PSYoungGen      total 18944K, used 416K [0x00000000d5580000, 0x00000000d7000000, 0x0000000100000000)
  eden space 17920K, 0% used [0x00000000d5580000,0x00000000d5580000,0x00000000d6700000)
  from space 1024K, 40% used [0x00000000d6e80000,0x00000000d6ee8000,0x00000000d6f80000)
  to   space 512K, 0% used [0x00000000d6f80000,0x00000000d6f80000,0x00000000d7000000)
 ParOldGen       total 209920K, used 199693K [0x0000000080000000, 0x000000008cd00000, 0x00000000d5580000)
  object space 209920K, 95% used [0x0000000080000000,0x000000008c303668,0x000000008cd00000)
 Metaspace       used 80983K, committed 82624K, reserved 1179648K
  class space    used 8085K, committed 8832K, reserved 1048576K
}
Event: 49.188 GC heap before
{Heap before GC invocations=534 (full 4):
 PSYoungGen      total 18944K, used 18336K [0x00000000d5580000, 0x00000000d7000000, 0x0000000100000000)
  eden space 17920K, 100% used [0x00000000d5580000,0x00000000d6700000,0x00000000d6700000)
  from space 1024K, 40% used [0x00000000d6e80000,0x00000000d6ee8000,0x00000000d6f80000)
  to   space 512K, 0% used [0x00000000d6f80000,0x00000000d6f80000,0x00000000d7000000)
 ParOldGen       total 209920K, used 199693K [0x0000000080000000, 0x000000008cd00000, 0x00000000d5580000)
  object space 209920K, 95% used [0x0000000080000000,0x000000008c303668,0x000000008cd00000)
 Metaspace       used 80997K, committed 82688K, reserved 1179648K
  class space    used 8085K, committed 8832K, reserved 1048576K
}
Event: 49.189 GC heap after
{Heap after GC invocations=534 (full 4):
 PSYoungGen      total 18432K, used 448K [0x00000000d5580000, 0x00000000d7000000, 0x0000000100000000)
  eden space 17920K, 0% used [0x00000000d5580000,0x00000000d5580000,0x00000000d6700000)
  from space 512K, 87% used [0x00000000d6f80000,0x00000000d6ff0000,0x00000000d7000000)
  to   space 512K, 0% used [0x00000000d6f00000,0x00000000d6f00000,0x00000000d6f80000)
 ParOldGen       total 209920K, used 199917K [0x0000000080000000, 0x000000008cd00000, 0x00000000d5580000)
  object space 209920K, 95% used [0x0000000080000000,0x000000008c33b668,0x000000008cd00000)
 Metaspace       used 80997K, committed 82688K, reserved 1179648K
  class space    used 8085K, committed 8832K, reserved 1048576K
}

