# JRE version: OpenJDK Runtime Environment Temurin-21.0.10+7 (21.0.10+7) (build 21.0.10+7-LTS)
# Java VM: OpenJDK 64-Bit Server VM Temurin-21.0.10+7 (21.0.10+7-LTS, mixed mode, sharing, tiered, compressed oops, compressed class ptrs, parallel gc, windows-amd64)
GC Precious Log:
 CardTable entry size: 512
 CPUs: 16 total, 16 available
 Memory: 32719M
 Large Page Support: Disabled
 NUMA Support: Disabled
 Compressed Oops: Enabled (32-bit)
 Alignments: Space 512K, Generation 512K, Heap 2M
 Heap Min Capacity: 100M
 Heap Initial Capacity: 100M
 Heap Max Capacity: 2G
 Pre-touch: Disabled
 Parallel Workers: 13
Heap:
 PSYoungGen      total 15872K, used 13296K [0x00000000d5580000, 0x00000000d6680000, 0x0000000100000000)
  eden space 14336K, 83% used [0x00000000d5580000,0x00000000d613cc80,0x00000000d6380000)
  from space 1536K, 83% used [0x00000000d6380000,0x00000000d64bf4f8,0x00000000d6500000)
  to   space 1536K, 0% used [0x00000000d6500000,0x00000000d6500000,0x00000000d6680000)
 ParOldGen       total 93696K, used 93162K [0x0000000080000000, 0x0000000085b80000, 0x00000000d5580000)
  object space 93696K, 99% used [0x0000000080000000,0x0000000085afaa70,0x0000000085b80000)
 Metaspace       used 60943K, committed 62400K, reserved 1114112K
  class space    used 6358K, committed 7040K, reserved 1048576K
GC Heap History (20 events):
Event: 17.061 GC heap before
{Heap before GC invocations=77 (full 3):
 PSYoungGen      total 15360K, used 15136K [0x00000000d5580000, 0x00000000d6780000, 0x0000000100000000)
  eden space 14336K, 100% used [0x00000000d5580000,0x00000000d6380000,0x00000000d6380000)
  from space 1024K, 78% used [0x00000000d6600000,0x00000000d66c8000,0x00000000d6700000)
  to   space 512K, 0% used [0x00000000d6700000,0x00000000d6700000,0x00000000d6780000)
 ParOldGen       total 93696K, used 87811K [0x0000000080000000, 0x0000000085b80000, 0x00000000d5580000)
  object space 93696K, 93% used [0x0000000080000000,0x00000000855c0ee8,0x0000000085b80000)
 Metaspace       used 58991K, committed 60416K, reserved 1114112K
  class space    used 6107K, committed 6720K, reserved 1048576K
}
Event: 17.062 GC heap after
{Heap after GC invocations=77 (full 3):
 PSYoungGen      total 14848K, used 512K [0x00000000d5580000, 0x00000000d6780000, 0x0000000100000000)
  eden space 14336K, 0% used [0x00000000d5580000,0x00000000d5580000,0x00000000d6380000)
  from space 512K, 100% used [0x00000000d6700000,0x00000000d6780000,0x00000000d6780000)
  to   space 1536K, 0% used [0x00000000d6480000,0x00000000d6480000,0x00000000d6600000)
 ParOldGen       total 93696K, used 88386K [0x0000000080000000, 0x0000000085b80000, 0x00000000d5580000)
  object space 93696K, 94% used [0x0000000080000000,0x0000000085650990,0x0000000085b80000)
 Metaspace       used 58991K, committed 60416K, reserved 1114112K
  class space    used 6107K, committed 6720K, reserved 1048576K
}
Event: 17.105 GC heap before
{Heap before GC invocations=78 (full 3):
 PSYoungGen      total 14848K, used 14848K [0x00000000d5580000, 0x00000000d6780000, 0x0000000100000000)
  eden space 14336K, 100% used [0x00000000d5580000,0x00000000d6380000,0x00000000d6380000)
  from space 512K, 100% used [0x00000000d6700000,0x00000000d6780000,0x00000000d6780000)
  to   space 1536K, 0% used [0x00000000d6480000,0x00000000d6480000,0x00000000d6600000)
 ParOldGen       total 93696K, used 88386K [0x0000000080000000, 0x0000000085b80000, 0x00000000d5580000)
  object space 93696K, 94% used [0x0000000080000000,0x0000000085650990,0x0000000085b80000)
 Metaspace       used 59011K, committed 60480K, reserved 1114112K
  class space    used 6107K, committed 6720K, reserved 1048576K
}
Event: 17.106 GC heap after
{Heap after GC invocations=78 (full 3):
 PSYoungGen      total 15872K, used 704K [0x00000000d5580000, 0x00000000d6780000, 0x0000000100000000)
  eden space 14336K, 0% used [0x00000000d5580000,0x00000000d5580000,0x00000000d6380000)
  from space 1536K, 45% used [0x00000000d6480000,0x00000000d6530010,0x00000000d6600000)
  to   space 1024K, 0% used [0x00000000d6680000,0x00000000d6680000,0x00000000d6780000)
 ParOldGen       total 93696K, used 88858K [0x0000000080000000, 0x0000000085b80000, 0x00000000d5580000)
  object space 93696K, 94% used [0x0000000080000000,0x00000000856c6990,0x0000000085b80000)
 Metaspace       used 59011K, committed 60480K, reserved 1114112K
  class space    used 6107K, committed 6720K, reserved 1048576K
}
Event: 17.152 GC heap before
{Heap before GC invocations=79 (full 3):
 PSYoungGen      total 15872K, used 15040K [0x00000000d5580000, 0x00000000d6780000, 0x0000000100000000)
  eden space 14336K, 100% used [0x00000000d5580000,0x00000000d6380000,0x00000000d6380000)
  from space 1536K, 45% used [0x00000000d6480000,0x00000000d6530010,0x00000000d6600000)
  to   space 1024K, 0% used [0x00000000d6680000,0x00000000d6680000,0x00000000d6780000)
 ParOldGen       total 93696K, used 88858K [0x0000000080000000, 0x0000000085b80000, 0x00000000d5580000)
  object space 93696K, 94% used [0x0000000080000000,0x00000000856c6990,0x0000000085b80000)
 Metaspace       used 59012K, committed 60480K, reserved 1114112K
  class space    used 6107K, committed 6720K, reserved 1048576K
}
Event: 17.153 GC heap after
{Heap after GC invocations=79 (full 3):
 PSYoungGen      total 15360K, used 720K [0x00000000d5580000, 0x00000000d6780000, 0x0000000100000000)
  eden space 14336K, 0% used [0x00000000d5580000,0x00000000d5580000,0x00000000d6380000)
  from space 1024K, 70% used [0x00000000d6680000,0x00000000d6734010,0x00000000d6780000)
  to   space 1024K, 0% used [0x00000000d6580000,0x00000000d6580000,0x00000000d6680000)
 ParOldGen       total 93696K, used 89394K [0x0000000080000000, 0x0000000085b80000, 0x00000000d5580000)
  object space 93696K, 95% used [0x0000000080000000,0x000000008574c9a0,0x0000000085b80000)
 Metaspace       used 59012K, committed 60480K, reserved 1114112K
  class space    used 6107K, committed 6720K, reserved 1048576K
}
Event: 17.195 GC heap before
{Heap before GC invocations=80 (full 3):
 PSYoungGen      total 15360K, used 15056K [0x00000000d5580000, 0x00000000d6780000, 0x0000000100000000)
  eden space 14336K, 100% used [0x00000000d5580000,0x00000000d6380000,0x00000000d6380000)
  from space 1024K, 70% used [0x00000000d6680000,0x00000000d6734010,0x00000000d6780000)
  to   space 1024K, 0% used [0x00000000d6580000,0x00000000d6580000,0x00000000d6680000)
 ParOldGen       total 93696K, used 89394K [0x0000000080000000, 0x0000000085b80000, 0x00000000d5580000)
  object space 93696K, 95% used [0x0000000080000000,0x000000008574c9a0,0x0000000085b80000)
 Metaspace       used 59023K, committed 60480K, reserved 1114112K
  class space    used 6107K, committed 6720K, reserved 1048576K
}
Event: 17.197 GC heap after
{Heap after GC invocations=80 (full 3):
 PSYoungGen      total 15360K, used 800K [0x00000000d5580000, 0x00000000d6700000, 0x0000000100000000)
  eden space 14336K, 0% used [0x00000000d5580000,0x00000000d5580000,0x00000000d6380000)
  from space 1024K, 78% used [0x00000000d6580000,0x00000000d6648020,0x00000000d6680000)
  to   space 512K, 0% used [0x00000000d6680000,0x00000000d6680000,0x00000000d6700000)
 ParOldGen       total 93696K, used 89882K [0x0000000080000000, 0x0000000085b80000, 0x00000000d5580000)
  object space 93696K, 95% used [0x0000000080000000,0x00000000857c69b0,0x0000000085b80000)
 Metaspace       used 59023K, committed 60480K, reserved 1114112K
  class space    used 6107K, committed 6720K, reserved 1048576K
}
Event: 17.232 GC heap before
{Heap before GC invocations=81 (full 3):
 PSYoungGen      total 15360K, used 15136K [0x00000000d5580000, 0x00000000d6700000, 0x0000000100000000)
  eden space 14336K, 100% used [0x00000000d5580000,0x00000000d6380000,0x00000000d6380000)
  from space 1024K, 78% used [0x00000000d6580000,0x00000000d6648020,0x00000000d6680000)
  to   space 512K, 0% used [0x00000000d6680000,0x00000000d6680000,0x00000000d6700000)
 ParOldGen       total 93696K, used 89882K [0x0000000080000000, 0x0000000085b80000, 0x00000000d5580000)
  object space 93696K, 95% used [0x0000000080000000,0x00000000857c69b0,0x0000000085b80000)
 Metaspace       used 59029K, committed 60480K, reserved 1114112K
  class space    used 6107K, committed 6720K, reserved 1048576K
}
Event: 17.233 GC heap after
{Heap after GC invocations=81 (full 3):
 PSYoungGen      total 14848K, used 512K [0x00000000d5580000, 0x00000000d6700000, 0x0000000100000000)
  eden space 14336K, 0% used [0x00000000d5580000,0x00000000d5580000,0x00000000d6380000)
  from space 512K, 100% used [0x00000000d6680000,0x00000000d6700000,0x00000000d6700000)
  to   space 1536K, 0% used [0x00000000d6400000,0x00000000d6400000,0x00000000d6580000)
 ParOldGen       total 93696K, used 90490K [0x0000000080000000, 0x0000000085b80000, 0x00000000d5580000)
  object space 93696K, 96% used [0x0000000080000000,0x000000008585e9e0,0x0000000085b80000)
 Metaspace       used 59029K, committed 60480K, reserved 1114112K
  class space    used 6107K, committed 6720K, reserved 1048576K
}
Event: 17.267 GC heap before
{Heap before GC invocations=82 (full 3):
 PSYoungGen      total 14848K, used 14814K [0x00000000d5580000, 0x00000000d6700000, 0x0000000100000000)
  eden space 14336K, 99% used [0x00000000d5580000,0x00000000d6377bd8,0x00000000d6380000)
  from space 512K, 100% used [0x00000000d6680000,0x00000000d6700000,0x00000000d6700000)
  to   space 1536K, 0% used [0x00000000d6400000,0x00000000d6400000,0x00000000d6580000)
 ParOldGen       total 93696K, used 90490K [0x0000000080000000, 0x0000000085b80000, 0x00000000d5580000)
  object space 93696K, 96% used [0x0000000080000000,0x000000008585e9e0,0x0000000085b80000)
 Metaspace       used 59032K, committed 60480K, reserved 1114112K
  class space    used 6107K, committed 6720K, reserved 1048576K
}
Event: 17.268 GC heap after
{Heap after GC invocations=82 (full 3):
 PSYoungGen      total 15872K, used 784K [0x00000000d5580000, 0x00000000d6700000, 0x0000000100000000)
  eden space 14336K, 0% used [0x00000000d5580000,0x00000000d5580000,0x00000000d6380000)
  from space 1536K, 51% used [0x00000000d6400000,0x00000000d64c4070,0x00000000d6580000)
  to   space 1024K, 0% used [0x00000000d6600000,0x00000000d6600000,0x00000000d6700000)
 ParOldGen       total 93696K, used 90914K [0x0000000080000000, 0x0000000085b80000, 0x00000000d5580000)
  object space 93696K, 97% used [0x0000000080000000,0x00000000858c89e0,0x0000000085b80000)
 Metaspace       used 59032K, committed 60480K, reserved 1114112K
  class space    used 6107K, committed 6720K, reserved 1048576K
}
Event: 17.297 GC heap before
{Heap before GC invocations=83 (full 3):
 PSYoungGen      total 15872K, used 15120K [0x00000000d5580000, 0x00000000d6700000, 0x0000000100000000)
  eden space 14336K, 100% used [0x00000000d5580000,0x00000000d6380000,0x00000000d6380000)
  from space 1536K, 51% used [0x00000000d6400000,0x00000000d64c4070,0x00000000d6580000)
  to   space 1024K, 0% used [0x00000000d6600000,0x00000000d6600000,0x00000000d6700000)
 ParOldGen       total 93696K, used 90914K [0x0000000080000000, 0x0000000085b80000, 0x00000000d5580000)
  object space 93696K, 97% used [0x0000000080000000,0x00000000858c89e0,0x0000000085b80000)
 Metaspace       used 59034K, committed 60480K, reserved 1114112K
  class space    used 6107K, committed 6720K, reserved 1048576K
}
Event: 17.298 GC heap after
{Heap after GC invocations=83 (full 3):
 PSYoungGen      total 15360K, used 800K [0x00000000d5580000, 0x00000000d6700000, 0x0000000100000000)
  eden space 14336K, 0% used [0x00000000d5580000,0x00000000d5580000,0x00000000d6380000)
  from space 1024K, 78% used [0x00000000d6600000,0x00000000d66c8060,0x00000000d6700000)
  to   space 1024K, 0% used [0x00000000d6500000,0x00000000d6500000,0x00000000d6600000)
 ParOldGen       total 93696K, used 91458K [0x0000000080000000, 0x0000000085b80000, 0x00000000d5580000)
  object space 93696K, 97% used [0x0000000080000000,0x0000000085950a00,0x0000000085b80000)
 Metaspace       used 59034K, committed 60480K, reserved 1114112K
  class space    used 6107K, committed 6720K, reserved 1048576K
}
Event: 17.328 GC heap before
{Heap before GC invocations=84 (full 3):
 PSYoungGen      total 15360K, used 15136K [0x00000000d5580000, 0x00000000d6700000, 0x0000000100000000)
  eden space 14336K, 100% used [0x00000000d5580000,0x00000000d6380000,0x00000000d6380000)
  from space 1024K, 78% used [0x00000000d6600000,0x00000000d66c8060,0x00000000d6700000)
  to   space 1024K, 0% used [0x00000000d6500000,0x00000000d6500000,0x00000000d6600000)
 ParOldGen       total 93696K, used 91458K [0x0000000080000000, 0x0000000085b80000, 0x00000000d5580000)
  object space 93696K, 97% used [0x0000000080000000,0x0000000085950a00,0x0000000085b80000)
 Metaspace       used 59035K, committed 60480K, reserved 1114112K
  class space    used 6107K, committed 6720K, reserved 1048576K
}
Event: 17.329 GC heap after
{Heap after GC invocations=84 (full 3):
 PSYoungGen      total 15360K, used 704K [0x00000000d5580000, 0x00000000d6680000, 0x0000000100000000)
  eden space 14336K, 0% used [0x00000000d5580000,0x00000000d5580000,0x00000000d6380000)
  from space 1024K, 68% used [0x00000000d6500000,0x00000000d65b0000,0x00000000d6600000)
  to   space 512K, 0% used [0x00000000d6600000,0x00000000d6600000,0x00000000d6680000)
 ParOldGen       total 93696K, used 92082K [0x0000000080000000, 0x0000000085b80000, 0x00000000d5580000)
  object space 93696K, 98% used [0x0000000080000000,0x00000000859eca60,0x0000000085b80000)
 Metaspace       used 59035K, committed 60480K, reserved 1114112K
  class space    used 6107K, committed 6720K, reserved 1048576K
}
Event: 17.359 GC heap before
{Heap before GC invocations=85 (full 3):
 PSYoungGen      total 15360K, used 15040K [0x00000000d5580000, 0x00000000d6680000, 0x0000000100000000)
  eden space 14336K, 100% used [0x00000000d5580000,0x00000000d6380000,0x00000000d6380000)
  from space 1024K, 68% used [0x00000000d6500000,0x00000000d65b0000,0x00000000d6600000)
  to   space 512K, 0% used [0x00000000d6600000,0x00000000d6600000,0x00000000d6680000)
 ParOldGen       total 93696K, used 92082K [0x0000000080000000, 0x0000000085b80000, 0x00000000d5580000)
  object space 93696K, 98% used [0x0000000080000000,0x00000000859eca60,0x0000000085b80000)
 Metaspace       used 59042K, committed 60480K, reserved 1114112K
  class space    used 6107K, committed 6720K, reserved 1048576K
}
Event: 17.360 GC heap after
{Heap after GC invocations=85 (full 3):
 PSYoungGen      total 14848K, used 480K [0x00000000d5580000, 0x00000000d6680000, 0x0000000100000000)
  eden space 14336K, 0% used [0x00000000d5580000,0x00000000d5580000,0x00000000d6380000)
  from space 512K, 93% used [0x00000000d6600000,0x00000000d6678010,0x00000000d6680000)
  to   space 1536K, 0% used [0x00000000d6380000,0x00000000d6380000,0x00000000d6500000)
 ParOldGen       total 93696K, used 92658K [0x0000000080000000, 0x0000000085b80000, 0x00000000d5580000)
  object space 93696K, 98% used [0x0000000080000000,0x0000000085a7ca60,0x0000000085b80000)
 Metaspace       used 59042K, committed 60480K, reserved 1114112K
  class space    used 6107K, committed 6720K, reserved 1048576K
}
Event: 17.616 GC heap before
{Heap before GC invocations=86 (full 3):
 PSYoungGen      total 14848K, used 14816K [0x00000000d5580000, 0x00000000d6680000, 0x0000000100000000)
  eden space 14336K, 100% used [0x00000000d5580000,0x00000000d6380000,0x00000000d6380000)
  from space 512K, 93% used [0x00000000d6600000,0x00000000d6678010,0x00000000d6680000)
  to   space 1536K, 0% used [0x00000000d6380000,0x00000000d6380000,0x00000000d6500000)
 ParOldGen       total 93696K, used 92658K [0x0000000080000000, 0x0000000085b80000, 0x00000000d5580000)
  object space 93696K, 98% used [0x0000000080000000,0x0000000085a7ca60,0x0000000085b80000)
 Metaspace       used 59677K, committed 61120K, reserved 1114112K
  class space    used 6190K, committed 6848K, reserved 1048576K
}
Event: 17.618 GC heap after
{Heap after GC invocations=86 (full 3):
 PSYoungGen      total 15872K, used 1277K [0x00000000d5580000, 0x00000000d6680000, 0x0000000100000000)
  eden space 14336K, 0% used [0x00000000d5580000,0x00000000d5580000,0x00000000d6380000)
  from space 1536K, 83% used [0x00000000d6380000,0x00000000d64bf4f8,0x00000000d6500000)
  to   space 1536K, 0% used [0x00000000d6500000,0x00000000d6500000,0x00000000d6680000)
 ParOldGen       total 93696K, used 93162K [0x0000000080000000, 0x0000000085b80000, 0x00000000d5580000)
  object space 93696K, 99% used [0x0000000080000000,0x0000000085afaa70,0x0000000085b80000)
 Metaspace       used 59677K, committed 61120K, reserved 1114112K
  class space    used 6190K, committed 6848K, reserved 1048576K
}

